<?xml version="1.0" encoding="UTF-8"?>
<!-- Generated by org.testng.reporters.JUnitXMLReporter -->
<testsuite ignored="0" hostname="SANDEEP" failures="0" tests="5" name="Test1" time="80.038" errors="0" timestamp="2025-09-08T17:15:24 IST">
  <testcase classname="com.swaglabs.test.EndToEndTest" name="tc_060_purchaseSingleProduct" time="5.284"/>
  <testcase classname="com.swaglabs.test.EndToEndTest" name="tc_061_purchaseMultipleProducts" time="5.495"/>
  <testcase classname="com.swaglabs.test.EndToEndTest" name="tc_sortAndCheckoutWithPriceValidation" time="6.968"/>
  <testcase classname="com.swaglabs.test.EndToEndTest" name="tc_endToend_054_cartPersistenceAcrossLogoutAndLogin" time="7.352"/>
  <testcase classname="com.swaglabs.test.EndToEndTest" name="tc_endToend_055_resetAppStateClearsCart" time="38.783"/>
</testsuite> <!-- Test1 -->
