<?xml version="1.0" encoding="UTF-8"?>
<testng-results ignored="0" total="5" passed="5" failed="0" skipped="0">
  <reporter-output>
  </reporter-output>
  <suite started-at="2025-09-08T17:14:04 IST" name="Suite" finished-at="2025-09-08T17:15:24 IST" duration-ms="80038">
    <groups>
    </groups>
    <test started-at="2025-09-08T17:14:04 IST" name="Test1" finished-at="2025-09-08T17:15:24 IST" duration-ms="80038">
      <class name="com.swaglabs.test.EndToEndTest">
        <test-method is-config="true" signature="setupreport()[pri:0, instance:com.swaglabs.test.EndToEndTest@7d8704ef]" started-at="2025-09-08T17:14:03 IST" name="setupreport" finished-at="2025-09-08T17:14:04 IST" duration-ms="787" status="PASS">
          <reporter-output>
          </reporter-output>
        </test-method> <!-- setupreport -->
        <test-method is-config="true" signature="setup()[pri:0, instance:com.swaglabs.test.EndToEndTest@7d8704ef]" started-at="2025-09-08T17:14:05 IST" name="setup" finished-at="2025-09-08T17:14:09 IST" duration-ms="3625" status="PASS">
          <reporter-output>
          </reporter-output>
        </test-method> <!-- setup -->
        <test-method is-config="true" signature="init()[pri:0, instance:com.swaglabs.test.EndToEndTest@7d8704ef]" started-at="2025-09-08T17:14:09 IST" name="init" finished-at="2025-09-08T17:14:09 IST" duration-ms="23" status="PASS">
          <reporter-output>
          </reporter-output>
        </test-method> <!-- init -->
        <test-method signature="tc_060_purchaseSingleProduct(java.lang.String,java.lang.String)[pri:1, instance:com.swaglabs.test.EndToEndTest@7d8704ef]" started-at="2025-09-08T17:14:09 IST" name="tc_060_purchaseSingleProduct" data-provider="logindata" finished-at="2025-09-08T17:14:14 IST" duration-ms="5284" status="PASS">
          <params>
            <param index="0">
              <value>
                <![CDATA[standard_user]]>
              </value>
            </param>
            <param index="1">
              <value>
                <![CDATA[secret_sauce]]>
              </value>
            </param>
          </params>
          <reporter-output>
          </reporter-output>
        </test-method> <!-- tc_060_purchaseSingleProduct -->
        <test-method is-config="true" signature="teardown()[pri:0, instance:com.swaglabs.test.EndToEndTest@7d8704ef]" started-at="2025-09-08T17:14:14 IST" name="teardown" finished-at="2025-09-08T17:14:15 IST" duration-ms="461" status="PASS">
          <reporter-output>
          </reporter-output>
        </test-method> <!-- teardown -->
        <test-method is-config="true" signature="setup()[pri:0, instance:com.swaglabs.test.EndToEndTest@7d8704ef]" started-at="2025-09-08T17:14:15 IST" name="setup" finished-at="2025-09-08T17:14:17 IST" duration-ms="1868" status="PASS">
          <reporter-output>
          </reporter-output>
        </test-method> <!-- setup -->
        <test-method is-config="true" signature="init()[pri:0, instance:com.swaglabs.test.EndToEndTest@7d8704ef]" started-at="2025-09-08T17:14:17 IST" name="init" finished-at="2025-09-08T17:14:17 IST" duration-ms="1" status="PASS">
          <reporter-output>
          </reporter-output>
        </test-method> <!-- init -->
        <test-method signature="tc_061_purchaseMultipleProducts(java.lang.String,java.lang.String)[pri:2, instance:com.swaglabs.test.EndToEndTest@7d8704ef]" started-at="2025-09-08T17:14:17 IST" name="tc_061_purchaseMultipleProducts" data-provider="logindata" finished-at="2025-09-08T17:14:22 IST" duration-ms="5495" status="PASS">
          <params>
            <param index="0">
              <value>
                <![CDATA[standard_user]]>
              </value>
            </param>
            <param index="1">
              <value>
                <![CDATA[secret_sauce]]>
              </value>
            </param>
          </params>
          <reporter-output>
          </reporter-output>
        </test-method> <!-- tc_061_purchaseMultipleProducts -->
        <test-method is-config="true" signature="teardown()[pri:0, instance:com.swaglabs.test.EndToEndTest@7d8704ef]" started-at="2025-09-08T17:14:22 IST" name="teardown" finished-at="2025-09-08T17:14:22 IST" duration-ms="395" status="PASS">
          <reporter-output>
          </reporter-output>
        </test-method> <!-- teardown -->
        <test-method is-config="true" signature="setup()[pri:0, instance:com.swaglabs.test.EndToEndTest@7d8704ef]" started-at="2025-09-08T17:14:23 IST" name="setup" finished-at="2025-09-08T17:14:24 IST" duration-ms="1781" status="PASS">
          <reporter-output>
          </reporter-output>
        </test-method> <!-- setup -->
        <test-method is-config="true" signature="init()[pri:0, instance:com.swaglabs.test.EndToEndTest@7d8704ef]" started-at="2025-09-08T17:14:24 IST" name="init" finished-at="2025-09-08T17:14:24 IST" duration-ms="1" status="PASS">
          <reporter-output>
          </reporter-output>
        </test-method> <!-- init -->
        <test-method signature="tc_sortAndCheckoutWithPriceValidation(java.lang.String,java.lang.String)[pri:3, instance:com.swaglabs.test.EndToEndTest@7d8704ef]" started-at="2025-09-08T17:14:24 IST" name="tc_sortAndCheckoutWithPriceValidation" data-provider="logindata" finished-at="2025-09-08T17:14:31 IST" duration-ms="6968" status="PASS">
          <params>
            <param index="0">
              <value>
                <![CDATA[standard_user]]>
              </value>
            </param>
            <param index="1">
              <value>
                <![CDATA[secret_sauce]]>
              </value>
            </param>
          </params>
          <reporter-output>
          </reporter-output>
        </test-method> <!-- tc_sortAndCheckoutWithPriceValidation -->
        <test-method is-config="true" signature="teardown()[pri:0, instance:com.swaglabs.test.EndToEndTest@7d8704ef]" started-at="2025-09-08T17:14:31 IST" name="teardown" finished-at="2025-09-08T17:14:33 IST" duration-ms="1805" status="PASS">
          <reporter-output>
          </reporter-output>
        </test-method> <!-- teardown -->
        <test-method is-config="true" signature="setup()[pri:0, instance:com.swaglabs.test.EndToEndTest@7d8704ef]" started-at="2025-09-08T17:14:33 IST" name="setup" finished-at="2025-09-08T17:14:36 IST" duration-ms="2535" status="PASS">
          <reporter-output>
          </reporter-output>
        </test-method> <!-- setup -->
        <test-method is-config="true" signature="init()[pri:0, instance:com.swaglabs.test.EndToEndTest@7d8704ef]" started-at="2025-09-08T17:14:36 IST" name="init" finished-at="2025-09-08T17:14:36 IST" duration-ms="1" status="PASS">
          <reporter-output>
          </reporter-output>
        </test-method> <!-- init -->
        <test-method signature="tc_endToend_054_cartPersistenceAcrossLogoutAndLogin(java.lang.String,java.lang.String)[pri:4, instance:com.swaglabs.test.EndToEndTest@7d8704ef]" started-at="2025-09-08T17:14:36 IST" name="tc_endToend_054_cartPersistenceAcrossLogoutAndLogin" data-provider="logindata" finished-at="2025-09-08T17:14:43 IST" duration-ms="7352" status="PASS">
          <params>
            <param index="0">
              <value>
                <![CDATA[standard_user]]>
              </value>
            </param>
            <param index="1">
              <value>
                <![CDATA[secret_sauce]]>
              </value>
            </param>
          </params>
          <reporter-output>
          </reporter-output>
        </test-method> <!-- tc_endToend_054_cartPersistenceAcrossLogoutAndLogin -->
        <test-method is-config="true" signature="teardown()[pri:0, instance:com.swaglabs.test.EndToEndTest@7d8704ef]" started-at="2025-09-08T17:14:43 IST" name="teardown" finished-at="2025-09-08T17:14:43 IST" duration-ms="287" status="PASS">
          <reporter-output>
          </reporter-output>
        </test-method> <!-- teardown -->
        <test-method is-config="true" signature="setup()[pri:0, instance:com.swaglabs.test.EndToEndTest@7d8704ef]" started-at="2025-09-08T17:14:43 IST" name="setup" finished-at="2025-09-08T17:14:45 IST" duration-ms="1511" status="PASS">
          <reporter-output>
          </reporter-output>
        </test-method> <!-- setup -->
        <test-method is-config="true" signature="init()[pri:0, instance:com.swaglabs.test.EndToEndTest@7d8704ef]" started-at="2025-09-08T17:14:45 IST" name="init" finished-at="2025-09-08T17:14:45 IST" duration-ms="0" status="PASS">
          <reporter-output>
          </reporter-output>
        </test-method> <!-- init -->
        <test-method signature="tc_endToend_055_resetAppStateClearsCart(java.lang.String,java.lang.String)[pri:5, instance:com.swaglabs.test.EndToEndTest@7d8704ef]" started-at="2025-09-08T17:14:45 IST" name="tc_endToend_055_resetAppStateClearsCart" data-provider="logindata" finished-at="2025-09-08T17:15:24 IST" duration-ms="38783" status="PASS">
          <params>
            <param index="0">
              <value>
                <![CDATA[standard_user]]>
              </value>
            </param>
            <param index="1">
              <value>
                <![CDATA[secret_sauce]]>
              </value>
            </param>
          </params>
          <reporter-output>
          </reporter-output>
        </test-method> <!-- tc_endToend_055_resetAppStateClearsCart -->
        <test-method is-config="true" signature="teardown()[pri:0, instance:com.swaglabs.test.EndToEndTest@7d8704ef]" started-at="2025-09-08T17:15:24 IST" name="teardown" finished-at="2025-09-08T17:15:24 IST" duration-ms="367" status="PASS">
          <reporter-output>
          </reporter-output>
        </test-method> <!-- teardown -->
        <test-method is-config="true" signature="flushreport()[pri:0, instance:com.swaglabs.test.EndToEndTest@7d8704ef]" started-at="2025-09-08T17:15:25 IST" name="flushreport" finished-at="2025-09-08T17:15:25 IST" duration-ms="20" status="PASS">
          <reporter-output>
          </reporter-output>
        </test-method> <!-- flushreport -->
      </class> <!-- com.swaglabs.test.EndToEndTest -->
    </test> <!-- Test1 -->
  </suite> <!-- Suite -->
</testng-results>
